Сборка начата 22.10.2016 06:47:55.
     1>Проект "C:\Users\Anton\Desktop\serverApp\serverApp\serverApp.vcxproj" в узле 2 (целевые объекты Build).
     1>ClCompile:
         C:\Program Files (x86)\Microsoft Visual Studio 12.0\VC\bin\x86_amd64\CL.exe /c /Zi /nologo /W3 /WX- /Od /D _DEBUG /D _CONSOLE /D _UNICODE /D UNICODE /Gm /EHsc /RTC1 /MDd /GS /fp:precise /Zc:wchar_t /Zc:forScope /Fo"x64\Debug\\" /Fd"x64\Debug\vc120.pdb" /Gd /TP /errorReport:prompt main.cpp
         main.cpp
     1>main.cpp(209): warning C4267: аргумент: преобразование из "size_t" в "int"; возможна потеря данных
     1>main.cpp(251): warning C4267: аргумент: преобразование из "size_t" в "int"; возможна потеря данных
     1>main.cpp(283): warning C4996: 'localtime': This function or variable may be unsafe. Consider using localtime_s instead. To disable deprecation, use _CRT_SECURE_NO_WARNINGS. See online help for details.
                 C:\Program Files (x86)\Microsoft Visual Studio 12.0\VC\include\time.inl(112): см. объявление "localtime"
     1>main.cpp(284): warning C4996: 'asctime': This function or variable may be unsafe. Consider using asctime_s instead. To disable deprecation, use _CRT_SECURE_NO_WARNINGS. See online help for details.
                 C:\Program Files (x86)\Microsoft Visual Studio 12.0\VC\include\time.h(174): см. объявление "asctime"
     1>main.cpp(288): warning C4267: инициализация: преобразование из "size_t" в "int"; возможна потеря данных
     1>main.cpp(319): warning C4267: аргумент: преобразование из "size_t" в "int"; возможна потеря данных
     1>main.cpp(329): warning C4267: аргумент: преобразование из "size_t" в "int"; возможна потеря данных
     1>c:\users\anton\desktop\serverapp\serverapp\main.cpp(175): warning C4715: proccessCommand: значение возвращается не при всех путях выполнения
       Link:
         C:\Program Files (x86)\Microsoft Visual Studio 12.0\VC\bin\x86_amd64\link.exe /ERRORREPORT:PROMPT /OUT:"C:\Users\Anton\Desktop\serverApp\x64\Debug\serverApp.exe" /INCREMENTAL /NOLOGO kernel32.lib user32.lib gdi32.lib winspool.lib comdlg32.lib advapi32.lib shell32.lib ole32.lib oleaut32.lib uuid.lib odbc32.lib odbccp32.lib /MANIFEST /MANIFESTUAC:"level='asInvoker' uiAccess='false'" /manifest:embed /DEBUG /PDB:"C:\Users\Anton\Desktop\serverApp\x64\Debug\serverApp.pdb" /SUBSYSTEM:CONSOLE /TLBID:1 /DYNAMICBASE /NXCOMPAT /IMPLIB:"C:\Users\Anton\Desktop\serverApp\x64\Debug\serverApp.lib" /MACHINE:X64 x64\Debug\main.obj
         serverApp.vcxproj -> C:\Users\Anton\Desktop\serverApp\x64\Debug\serverApp.exe
     1>Сборка проекта "C:\Users\Anton\Desktop\serverApp\serverApp\serverApp.vcxproj" завершена (целевые объекты Build).

Сборка успешно завершена.

Затраченное время: 00:00:01.94
